<?xml version="1.0" encoding="UTF-8"?>
<!-- Generated by org.testng.reporters.JUnitReportReporter -->
<testsuite skipped="0" hostname="ctamayo-mobl" name="testTst.Helper1NGTest" tests="2" failures="0" timestamp="01 Dec 2021 16:11:47 GMT" time="0.000" errors="0">
  <testcase name="testAddValues" time="0.000" classname="testTst.Helper1NGTest"/>
  <testcase name="testMultiplyValues" time="0.000" classname="testTst.Helper1NGTest"/>
</testsuite> <!-- testTst.Helper1NGTest -->
