<?xml version="1.0" encoding="UTF-8"?>
<!-- Generated by org.testng.reporters.JUnitReportReporter -->
<testsuite hostname="ctamayo-mobl" failures="0" tests="2" name="testTst.Helper1NGTest" time="0.002" errors="0" timestamp="01 Dec 2021 22:40:39 GMT" skipped="0">
  <testcase classname="testTst.Helper1NGTest" name="testAddValues" time="0.001"/>
  <testcase classname="testTst.Helper1NGTest" name="testMultiplyValues" time="0.001"/>
</testsuite> <!-- testTst.Helper1NGTest -->
